<?xml version="1.0" encoding="UTF-8"?>
<!-- Generated by org.testng.reporters.JUnitXMLReporter -->
<testsuite hostname="LAPTOP-6J2R3I92" ignored="0" name="APITest" tests="12" failures="0" timestamp="08 Apr 2019 21:15:07 GMT" time="3.459" errors="0">
  <testcase name="verifyAnnuityTest" time="1.887" classname="com.lendico.test.GeneratePlanTest"/>
  <testcase name="verifyAnnuityTest" time="0.103" classname="com.lendico.test.GeneratePlanTest"/>
  <testcase name="verifyAnnuityTest" time="0.065" classname="com.lendico.test.GeneratePlanTest"/>
  <testcase name="verifyAnnuityTest" time="0.059" classname="com.lendico.test.GeneratePlanTest"/>
  <testcase name="verifyPrincipalSumTest" time="0.032" classname="com.lendico.test.GeneratePlanTest"/>
  <testcase name="verifyPrincipalSumTest" time="0.032" classname="com.lendico.test.GeneratePlanTest"/>
  <testcase name="verifyPrincipalSumTest" time="0.084" classname="com.lendico.test.GeneratePlanTest"/>
  <testcase name="verifyPrincipalSumTest" time="0.035" classname="com.lendico.test.GeneratePlanTest"/>
  <testcase name="verifyPrincipleInterestCalculationTest" time="0.055" classname="com.lendico.test.GeneratePlanTest"/>
  <testcase name="verifyPrincipleInterestCalculationTest" time="0.052" classname="com.lendico.test.GeneratePlanTest"/>
  <testcase name="verifyPrincipleInterestCalculationTest" time="0.047" classname="com.lendico.test.GeneratePlanTest"/>
  <testcase name="verifyPrincipleInterestCalculationTest" time="0.076" classname="com.lendico.test.GeneratePlanTest"/>
</testsuite> <!-- APITest -->
