<?xml version="1.0" encoding="UTF-8"?>
<testsuite xmlns:xsi="http://www.w3.org/2001/XMLSchema-instance" xsi:noNamespaceSchemaLocation="https://maven.apache.org/surefire/maven-surefire-plugin/xsd/surefire-test-report.xsd" name="TestSuite" time="5.551" tests="16" errors="0" skipped="0" failures="0">
  <properties>
[...]
</properties>
  <testcase name="verifyAnnuityTest" classname="com.lendico.test.GeneratePlanTest" time="2.173"/>
  <testcase name="verifyAnnuityTest" classname="com.lendico.test.GeneratePlanTest" time="0.061"/>
  <testcase name="verifyAnnuityTest" classname="com.lendico.test.GeneratePlanTest" time="0.068"/>
  <testcase name="verifyAnnuityTest" classname="com.lendico.test.GeneratePlanTest" time="0.061"/>
  <testcase name="verifyDateTest" classname="com.lendico.test.GeneratePlanTest" time="0.029"/>
  <testcase name="verifyDateTest" classname="com.lendico.test.GeneratePlanTest" time="0.032"/>
  <testcase name="verifyDateTest" classname="com.lendico.test.GeneratePlanTest" time="0.028"/>
  <testcase name="verifyDateTest" classname="com.lendico.test.GeneratePlanTest" time="0.041"/>
  <testcase name="verifyPrincipalSumTest" classname="com.lendico.test.GeneratePlanTest" time="0.026"/>
  <testcase name="verifyPrincipalSumTest" classname="com.lendico.test.GeneratePlanTest" time="0.022"/>
  <testcase name="verifyPrincipalSumTest" classname="com.lendico.test.GeneratePlanTest" time="0.021"/>
  <testcase name="verifyPrincipalSumTest" classname="com.lendico.test.GeneratePlanTest" time="0.043"/>
  <testcase name="verifyPrincipleInterestCalculationTest" classname="com.lendico.test.GeneratePlanTest" time="0.059"/>
  <testcase name="verifyPrincipleInterestCalculationTest" classname="com.lendico.test.GeneratePlanTest" time="0.061"/>
  <testcase name="verifyPrincipleInterestCalculationTest" classname="com.lendico.test.GeneratePlanTest" time="0.041"/>
  <testcase name="verifyPrincipleInterestCalculationTest" classname="com.lendico.test.GeneratePlanTest" time="0.053"/>
</testsuite>