<?xml version="1.0" encoding="UTF-8"?>
<testng-results skipped="0" failed="0" ignored="0" total="16" passed="16">
  <reporter-output>
  </reporter-output>
  <suite name="API Testing Suite" duration-ms="4256" started-at="2019-04-08T22:21:45Z" finished-at="2019-04-08T22:21:50Z">
    <groups>
    </groups>
    <test name="APITest" duration-ms="4256" started-at="2019-04-08T22:21:45Z" finished-at="2019-04-08T22:21:50Z">
      <class name="com.lendico.test.GeneratePlanTest">
        <test-method status="PASS" signature="setup()[pri:0, instance:com.lendico.test.GeneratePlanTest@2096442d]" name="setup" is-config="true" duration-ms="624" started-at="2019-04-09T03:51:45Z" finished-at="2019-04-09T03:51:46Z">
          <reporter-output>
          </reporter-output>
        </test-method> <!-- setup -->
        <test-method status="PASS" signature="verifyAnnuityTest(java.lang.String, java.lang.String, java.lang.String, java.lang.String)[pri:0, instance:com.lendico.test.GeneratePlanTest@2096442d]" name="verifyAnnuityTest" duration-ms="2169" started-at="2019-04-09T03:51:46Z" data-provider="TestData" finished-at="2019-04-09T03:51:48Z">
          <params>
            <param index="0">
              <value>
                <![CDATA[5000]]>
              </value>
            </param>
            <param index="1">
              <value>
                <![CDATA[5.0]]>
              </value>
            </param>
            <param index="2">
              <value>
                <![CDATA[24]]>
              </value>
            </param>
            <param index="3">
              <value>
                <![CDATA[2018-01-01]]>
              </value>
            </param>
          </params>
          <reporter-output>
          </reporter-output>
        </test-method> <!-- verifyAnnuityTest -->
        <test-method status="PASS" signature="verifyAnnuityTest(java.lang.String, java.lang.String, java.lang.String, java.lang.String)[pri:0, instance:com.lendico.test.GeneratePlanTest@2096442d]" name="verifyAnnuityTest" duration-ms="70" started-at="2019-04-09T03:51:48Z" data-provider="TestData" finished-at="2019-04-09T03:51:49Z">
          <params>
            <param index="0">
              <value>
                <![CDATA[6000]]>
              </value>
            </param>
            <param index="1">
              <value>
                <![CDATA[5.0]]>
              </value>
            </param>
            <param index="2">
              <value>
                <![CDATA[24]]>
              </value>
            </param>
            <param index="3">
              <value>
                <![CDATA[2018-01-01]]>
              </value>
            </param>
          </params>
          <reporter-output>
          </reporter-output>
        </test-method> <!-- verifyAnnuityTest -->
        <test-method status="PASS" signature="verifyAnnuityTest(java.lang.String, java.lang.String, java.lang.String, java.lang.String)[pri:0, instance:com.lendico.test.GeneratePlanTest@2096442d]" name="verifyAnnuityTest" duration-ms="67" started-at="2019-04-09T03:51:49Z" data-provider="TestData" finished-at="2019-04-09T03:51:49Z">
          <params>
            <param index="0">
              <value>
                <![CDATA[10000]]>
              </value>
            </param>
            <param index="1">
              <value>
                <![CDATA[5.2]]>
              </value>
            </param>
            <param index="2">
              <value>
                <![CDATA[36]]>
              </value>
            </param>
            <param index="3">
              <value>
                <![CDATA[2019-01-01]]>
              </value>
            </param>
          </params>
          <reporter-output>
          </reporter-output>
        </test-method> <!-- verifyAnnuityTest -->
        <test-method status="PASS" signature="verifyAnnuityTest(java.lang.String, java.lang.String, java.lang.String, java.lang.String)[pri:0, instance:com.lendico.test.GeneratePlanTest@2096442d]" name="verifyAnnuityTest" duration-ms="62" started-at="2019-04-09T03:51:49Z" data-provider="TestData" finished-at="2019-04-09T03:51:49Z">
          <params>
            <param index="0">
              <value>
                <![CDATA[25000]]>
              </value>
            </param>
            <param index="1">
              <value>
                <![CDATA[6.0]]>
              </value>
            </param>
            <param index="2">
              <value>
                <![CDATA[60]]>
              </value>
            </param>
            <param index="3">
              <value>
                <![CDATA[2017-01-05]]>
              </value>
            </param>
          </params>
          <reporter-output>
          </reporter-output>
        </test-method> <!-- verifyAnnuityTest -->
        <test-method status="PASS" signature="verifyDateTest(java.lang.String, java.lang.String, java.lang.String, java.lang.String)[pri:0, instance:com.lendico.test.GeneratePlanTest@2096442d]" name="verifyDateTest" duration-ms="29" started-at="2019-04-09T03:51:49Z" data-provider="TestData" finished-at="2019-04-09T03:51:49Z">
          <params>
            <param index="0">
              <value>
                <![CDATA[5000]]>
              </value>
            </param>
            <param index="1">
              <value>
                <![CDATA[5.0]]>
              </value>
            </param>
            <param index="2">
              <value>
                <![CDATA[24]]>
              </value>
            </param>
            <param index="3">
              <value>
                <![CDATA[2018-01-01]]>
              </value>
            </param>
          </params>
          <reporter-output>
          </reporter-output>
        </test-method> <!-- verifyDateTest -->
        <test-method status="PASS" signature="verifyDateTest(java.lang.String, java.lang.String, java.lang.String, java.lang.String)[pri:0, instance:com.lendico.test.GeneratePlanTest@2096442d]" name="verifyDateTest" duration-ms="25" started-at="2019-04-09T03:51:49Z" data-provider="TestData" finished-at="2019-04-09T03:51:49Z">
          <params>
            <param index="0">
              <value>
                <![CDATA[6000]]>
              </value>
            </param>
            <param index="1">
              <value>
                <![CDATA[5.0]]>
              </value>
            </param>
            <param index="2">
              <value>
                <![CDATA[24]]>
              </value>
            </param>
            <param index="3">
              <value>
                <![CDATA[2018-01-01]]>
              </value>
            </param>
          </params>
          <reporter-output>
          </reporter-output>
        </test-method> <!-- verifyDateTest -->
        <test-method status="PASS" signature="verifyDateTest(java.lang.String, java.lang.String, java.lang.String, java.lang.String)[pri:0, instance:com.lendico.test.GeneratePlanTest@2096442d]" name="verifyDateTest" duration-ms="32" started-at="2019-04-09T03:51:49Z" data-provider="TestData" finished-at="2019-04-09T03:51:49Z">
          <params>
            <param index="0">
              <value>
                <![CDATA[10000]]>
              </value>
            </param>
            <param index="1">
              <value>
                <![CDATA[5.2]]>
              </value>
            </param>
            <param index="2">
              <value>
                <![CDATA[36]]>
              </value>
            </param>
            <param index="3">
              <value>
                <![CDATA[2019-01-01]]>
              </value>
            </param>
          </params>
          <reporter-output>
          </reporter-output>
        </test-method> <!-- verifyDateTest -->
        <test-method status="PASS" signature="verifyDateTest(java.lang.String, java.lang.String, java.lang.String, java.lang.String)[pri:0, instance:com.lendico.test.GeneratePlanTest@2096442d]" name="verifyDateTest" duration-ms="36" started-at="2019-04-09T03:51:49Z" data-provider="TestData" finished-at="2019-04-09T03:51:49Z">
          <params>
            <param index="0">
              <value>
                <![CDATA[25000]]>
              </value>
            </param>
            <param index="1">
              <value>
                <![CDATA[6.0]]>
              </value>
            </param>
            <param index="2">
              <value>
                <![CDATA[60]]>
              </value>
            </param>
            <param index="3">
              <value>
                <![CDATA[2017-01-05]]>
              </value>
            </param>
          </params>
          <reporter-output>
          </reporter-output>
        </test-method> <!-- verifyDateTest -->
        <test-method status="PASS" signature="verifyPrincipalSumTest(java.lang.String, java.lang.String, java.lang.String, java.lang.String)[pri:0, instance:com.lendico.test.GeneratePlanTest@2096442d]" name="verifyPrincipalSumTest" duration-ms="22" started-at="2019-04-09T03:51:49Z" data-provider="TestData" finished-at="2019-04-09T03:51:49Z">
          <params>
            <param index="0">
              <value>
                <![CDATA[5000]]>
              </value>
            </param>
            <param index="1">
              <value>
                <![CDATA[5.0]]>
              </value>
            </param>
            <param index="2">
              <value>
                <![CDATA[24]]>
              </value>
            </param>
            <param index="3">
              <value>
                <![CDATA[2018-01-01]]>
              </value>
            </param>
          </params>
          <reporter-output>
          </reporter-output>
        </test-method> <!-- verifyPrincipalSumTest -->
        <test-method status="PASS" signature="verifyPrincipalSumTest(java.lang.String, java.lang.String, java.lang.String, java.lang.String)[pri:0, instance:com.lendico.test.GeneratePlanTest@2096442d]" name="verifyPrincipalSumTest" duration-ms="23" started-at="2019-04-09T03:51:49Z" data-provider="TestData" finished-at="2019-04-09T03:51:49Z">
          <params>
            <param index="0">
              <value>
                <![CDATA[6000]]>
              </value>
            </param>
            <param index="1">
              <value>
                <![CDATA[5.0]]>
              </value>
            </param>
            <param index="2">
              <value>
                <![CDATA[24]]>
              </value>
            </param>
            <param index="3">
              <value>
                <![CDATA[2018-01-01]]>
              </value>
            </param>
          </params>
          <reporter-output>
          </reporter-output>
        </test-method> <!-- verifyPrincipalSumTest -->
        <test-method status="PASS" signature="verifyPrincipalSumTest(java.lang.String, java.lang.String, java.lang.String, java.lang.String)[pri:0, instance:com.lendico.test.GeneratePlanTest@2096442d]" name="verifyPrincipalSumTest" duration-ms="24" started-at="2019-04-09T03:51:49Z" data-provider="TestData" finished-at="2019-04-09T03:51:49Z">
          <params>
            <param index="0">
              <value>
                <![CDATA[10000]]>
              </value>
            </param>
            <param index="1">
              <value>
                <![CDATA[5.2]]>
              </value>
            </param>
            <param index="2">
              <value>
                <![CDATA[36]]>
              </value>
            </param>
            <param index="3">
              <value>
                <![CDATA[2019-01-01]]>
              </value>
            </param>
          </params>
          <reporter-output>
          </reporter-output>
        </test-method> <!-- verifyPrincipalSumTest -->
        <test-method status="PASS" signature="verifyPrincipalSumTest(java.lang.String, java.lang.String, java.lang.String, java.lang.String)[pri:0, instance:com.lendico.test.GeneratePlanTest@2096442d]" name="verifyPrincipalSumTest" duration-ms="43" started-at="2019-04-09T03:51:49Z" data-provider="TestData" finished-at="2019-04-09T03:51:49Z">
          <params>
            <param index="0">
              <value>
                <![CDATA[25000]]>
              </value>
            </param>
            <param index="1">
              <value>
                <![CDATA[6.0]]>
              </value>
            </param>
            <param index="2">
              <value>
                <![CDATA[60]]>
              </value>
            </param>
            <param index="3">
              <value>
                <![CDATA[2017-01-05]]>
              </value>
            </param>
          </params>
          <reporter-output>
          </reporter-output>
        </test-method> <!-- verifyPrincipalSumTest -->
        <test-method status="PASS" signature="verifyPrincipleInterestCalculationTest(java.lang.String, java.lang.String, java.lang.String, java.lang.String)[pri:0, instance:com.lendico.test.GeneratePlanTest@2096442d]" name="verifyPrincipleInterestCalculationTest" duration-ms="59" started-at="2019-04-09T03:51:49Z" data-provider="TestData" finished-at="2019-04-09T03:51:50Z">
          <params>
            <param index="0">
              <value>
                <![CDATA[5000]]>
              </value>
            </param>
            <param index="1">
              <value>
                <![CDATA[5.0]]>
              </value>
            </param>
            <param index="2">
              <value>
                <![CDATA[24]]>
              </value>
            </param>
            <param index="3">
              <value>
                <![CDATA[2018-01-01]]>
              </value>
            </param>
          </params>
          <reporter-output>
          </reporter-output>
        </test-method> <!-- verifyPrincipleInterestCalculationTest -->
        <test-method status="PASS" signature="verifyPrincipleInterestCalculationTest(java.lang.String, java.lang.String, java.lang.String, java.lang.String)[pri:0, instance:com.lendico.test.GeneratePlanTest@2096442d]" name="verifyPrincipleInterestCalculationTest" duration-ms="51" started-at="2019-04-09T03:51:50Z" data-provider="TestData" finished-at="2019-04-09T03:51:50Z">
          <params>
            <param index="0">
              <value>
                <![CDATA[6000]]>
              </value>
            </param>
            <param index="1">
              <value>
                <![CDATA[5.0]]>
              </value>
            </param>
            <param index="2">
              <value>
                <![CDATA[24]]>
              </value>
            </param>
            <param index="3">
              <value>
                <![CDATA[2018-01-01]]>
              </value>
            </param>
          </params>
          <reporter-output>
          </reporter-output>
        </test-method> <!-- verifyPrincipleInterestCalculationTest -->
        <test-method status="PASS" signature="verifyPrincipleInterestCalculationTest(java.lang.String, java.lang.String, java.lang.String, java.lang.String)[pri:0, instance:com.lendico.test.GeneratePlanTest@2096442d]" name="verifyPrincipleInterestCalculationTest" duration-ms="50" started-at="2019-04-09T03:51:50Z" data-provider="TestData" finished-at="2019-04-09T03:51:50Z">
          <params>
            <param index="0">
              <value>
                <![CDATA[10000]]>
              </value>
            </param>
            <param index="1">
              <value>
                <![CDATA[5.2]]>
              </value>
            </param>
            <param index="2">
              <value>
                <![CDATA[36]]>
              </value>
            </param>
            <param index="3">
              <value>
                <![CDATA[2019-01-01]]>
              </value>
            </param>
          </params>
          <reporter-output>
          </reporter-output>
        </test-method> <!-- verifyPrincipleInterestCalculationTest -->
        <test-method status="PASS" signature="verifyPrincipleInterestCalculationTest(java.lang.String, java.lang.String, java.lang.String, java.lang.String)[pri:0, instance:com.lendico.test.GeneratePlanTest@2096442d]" name="verifyPrincipleInterestCalculationTest" duration-ms="52" started-at="2019-04-09T03:51:50Z" data-provider="TestData" finished-at="2019-04-09T03:51:50Z">
          <params>
            <param index="0">
              <value>
                <![CDATA[25000]]>
              </value>
            </param>
            <param index="1">
              <value>
                <![CDATA[6.0]]>
              </value>
            </param>
            <param index="2">
              <value>
                <![CDATA[60]]>
              </value>
            </param>
            <param index="3">
              <value>
                <![CDATA[2017-01-05]]>
              </value>
            </param>
          </params>
          <reporter-output>
          </reporter-output>
        </test-method> <!-- verifyPrincipleInterestCalculationTest -->
        <test-method status="PASS" signature="afterTest()[pri:0, instance:com.lendico.test.GeneratePlanTest@2096442d]" name="afterTest" is-config="true" duration-ms="1" started-at="2019-04-09T03:51:50Z" finished-at="2019-04-09T03:51:50Z">
          <reporter-output>
          </reporter-output>
        </test-method> <!-- afterTest -->
      </class> <!-- com.lendico.test.GeneratePlanTest -->
    </test> <!-- APITest -->
  </suite> <!-- API Testing Suite -->
</testng-results>
